<?xml version="1.0" encoding="UTF-8"?>
<!-- Generated by org.testng.reporters.JUnitXMLReporter -->
<testsuite hostname="L-56Z6152" ignored="0" name="testGuru" tests="3" failures="0" timestamp="05 Mar 2017 06:15:53 GMT" time="18.972" errors="0">
  <testcase name="executSessionOne" time="18.799" classname="TestNGPackage.ParallelExecution"/>
  <testcase name="executeSessionTwo" time="18.906" classname="TestNGPackage.ParallelExecution"/>
  <testcase name="executSessionThree" time="18.954" classname="TestNGPackage.ParallelExecution"/>
</testsuite> <!-- testGuru -->
