<?xml version="1.0" encoding="UTF-8"?>
<!-- Generated by org.testng.reporters.JUnitXMLReporter -->
<testsuite hostname="L-56Z6152" ignored="0" name="FirefoxTest" tests="1" failures="0" timestamp="05 Jan 2017 14:32:42 GMT" time="47.69" errors="0">
  <testcase name="@BeforeTest launchapp" time="0.0" classname="TestNG.TestNGClass">
    <failure type="org.openqa.selenium.WebDriverException" message="The best matching driver provider org.openqa.selenium.edge.EdgeDriver can&amp;apos;t create a new driver instance for Capabilities [{ensureCleanSession=true, browserName=ie, version=, platform=WINDOWS}]
Build info: version: &amp;apos;2.47.1&amp;apos;, revision: &amp;apos;411b314&amp;apos;, time: &amp;apos;2015-07-30 03:03:16&amp;apos;
System info: host: &amp;apos;L-56Z6152&amp;apos;, ip: &amp;apos;10.20.66.90&amp;apos;, os.name: &amp;apos;Windows 7&amp;apos;, os.arch: &amp;apos;amd64&amp;apos;, os.version: &amp;apos;6.1&amp;apos;, java.version: &amp;apos;1.8.0_65&amp;apos;
Driver info: driver.version: unknown
Command duration or timeout: 219 milliseconds
Build info: version: &amp;apos;2.53.0&amp;apos;, revision: &amp;apos;35ae25b&amp;apos;, time: &amp;apos;2016-03-15 16:57:40&amp;apos;
System info: host: &amp;apos;L-56Z6152&amp;apos;, ip: &amp;apos;10.20.66.90&amp;apos;, os.name: &amp;apos;Windows 7&amp;apos;, os.arch: &amp;apos;amd64&amp;apos;, os.version: &amp;apos;6.1&amp;apos;, java.version: &amp;apos;1.8.0_65&amp;apos;
Driver info: org.openqa.selenium.remote.RemoteWebDriver">
      <![CDATA[org.openqa.selenium.WebDriverException: The best matching driver provider org.openqa.selenium.edge.EdgeDriver can't create a new driver instance for Capabilities [{ensureCleanSession=true, browserName=ie, version=, platform=WINDOWS}]
Build info: version: '2.47.1', revision: '411b314', time: '2015-07-30 03:03:16'
System info: host: 'L-56Z6152', ip: '10.20.66.90', os.name: 'Windows 7', os.arch: 'amd64', os.version: '6.1', java.version: '1.8.0_65'
Driver info: driver.version: unknown
Command duration or timeout: 219 milliseconds
Build info: version: '2.53.0', revision: '35ae25b', time: '2016-03-15 16:57:40'
System info: host: 'L-56Z6152', ip: '10.20.66.90', os.name: 'Windows 7', os.arch: 'amd64', os.version: '6.1', java.version: '1.8.0_65'
Driver info: org.openqa.selenium.remote.RemoteWebDriver
	at org.openqa.selenium.remote.ErrorHandler.createThrowable(ErrorHandler.java:206)
	at org.openqa.selenium.remote.ErrorHandler.throwIfResponseFailed(ErrorHandler.java:158)
	at org.openqa.selenium.remote.RemoteWebDriver.execute(RemoteWebDriver.java:678)
	at org.openqa.selenium.remote.RemoteWebDriver.startSession(RemoteWebDriver.java:249)
	at org.openqa.selenium.remote.RemoteWebDriver.<init>(RemoteWebDriver.java:131)
	at org.openqa.selenium.remote.RemoteWebDriver.<init>(RemoteWebDriver.java:158)
	at TestNG.TestNGClass.launchapp(TestNGClass.java:59)
	at java.util.concurrent.FutureTask.run(Unknown Source)
	at java.util.concurrent.ThreadPoolExecutor.runWorker(Unknown Source)
	at java.util.concurrent.ThreadPoolExecutor$Worker.run(Unknown Source)
	at java.lang.Thread.run(Unknown Source)
Caused by: org.openqa.selenium.WebDriverException: The best matching driver provider org.openqa.selenium.edge.EdgeDriver can't create a new driver instance for Capabilities [{ensureCleanSession=true, browserName=ie, version=, platform=WINDOWS}]
Build info: version: '2.47.1', revision: '411b314', time: '2015-07-30 03:03:16'
System info: host: 'L-56Z6152', ip: '10.20.66.90', os.name: 'Windows 7', os.arch: 'amd64', os.version: '6.1', java.version: '1.8.0_65'
Driver info: driver.version: unknown
Build info: version: '2.53.0', revision: '35ae25b', time: '2016-03-15 16:57:40'
System info: host: 'L-56Z6152', ip: '10.20.66.90', os.name: 'Windows 7', os.arch: 'amd64', os.version: '6.1', java.version: '1.8.0_65'
Driver info: driver.version: unknown
	at org.openqa.selenium.remote.server.DefaultDriverFactory.newInstance(DefaultDriverFactory.java:62)
	at org.openqa.selenium.remote.server.DefaultSession$BrowserCreator.call(DefaultSession.java:222)
	at org.openqa.selenium.remote.server.DefaultSession$BrowserCreator.call(DefaultSession.java:1)
	at java.util.concurrent.FutureTask.run(Unknown Source)
	at org.openqa.selenium.remote.server.DefaultSession$1.run(DefaultSession.java:176)
	... 3 more
... Removed 18 stack frames]]>
    </failure>
  </testcase> <!-- @BeforeTest launchapp -->
  <testcase name="@AfterTest closeBrowser" time="0.0" classname="TestNG.TestNGClass">
    <skipped/>
  </testcase> <!-- @AfterTest closeBrowser -->
  <testcase name="@BeforeTest launchapp" time="0.0" classname="TestNG.TestNGClass">
    <failure type="org.openqa.selenium.WebDriverException" message="Unable to connect to host 127.0.0.1 on port 7055 after 45000 ms. Firefox console output:
fee ScriptScan for Firefox&amp;quot;,&amp;quot;description&amp;quot;:null,&amp;quot;creator&amp;quot;:&amp;quot;McAfee, Inc.&amp;quot;,&amp;quot;homepageURL&amp;quot;:null},&amp;quot;visible&amp;quot;:true,&amp;quot;active&amp;quot;:false,&amp;quot;userDisabled&amp;quot;:true,&amp;quot;appDisabled&amp;quot;:true,&amp;quot;descriptor&amp;quot;:&amp;quot;C:\\Program Files (x86)\\Common Files\\McAfee\\SystemCore&amp;quot;,&amp;quot;installDate&amp;quot;:1460352083726,&amp;quot;updateDate&amp;quot;:1460352083726,&amp;quot;applyBackgroundUpdates&amp;quot;:1,&amp;quot;bootstrap&amp;quot;:false,&amp;quot;skinnable&amp;quot;:false,&amp;quot;size&amp;quot;:3262760,&amp;quot;sourceURI&amp;quot;:null,&amp;quot;releaseNotesURI&amp;quot;:null,&amp;quot;softDisabled&amp;quot;:false,&amp;quot;foreignInstall&amp;quot;:true,&amp;quot;hasBinaryComponents&amp;quot;:false,&amp;quot;strictCompatibility&amp;quot;:false,&amp;quot;locales&amp;quot;:[],&amp;quot;targetApplications&amp;quot;:[{&amp;quot;id&amp;quot;:&amp;quot;{ec8030f7-c20a-464f-9b0e-13a3a9e97384}&amp;quot;,&amp;quot;minVersion&amp;quot;:&amp;quot;1.5&amp;quot;,&amp;quot;maxVersion&amp;quot;:&amp;quot;9.9&amp;quot;}],&amp;quot;targetPlatforms&amp;quot;:[],&amp;quot;multiprocessCompatible&amp;quot;:false,&amp;quot;signedState&amp;quot;:0,&amp;quot;seen&amp;quot;:true}
1483626721658	DeferredSave.extensions.json	DEBUG	Save changes
1483626721658	addons.xpi	DEBUG	Updating database with changes to installed add-ons
1483626721658	addons.xpi-utils	DEBUG	Updating add-on states
1483626721662	addons.xpi-utils	DEBUG	Writing add-ons list
1483626721733	addons.xpi	DEBUG	Registering manifest for C:\Program Files (x86)\Mozilla Firefox\browser\features\aushelper@mozilla.org.xpi
1483626721734	addons.xpi	DEBUG	Calling bootstrap method startup on aushelper@mozilla.org version 1.0
1483626721735	addons.xpi	DEBUG	Registering manifest for C:\Program Files (x86)\Mozilla Firefox\browser\features\e10srollout@mozilla.org.xpi
1483626721737	addons.xpi	DEBUG	Calling bootstrap method startup on e10srollout@mozilla.org version 1.5
1483626721737	addons.xpi	DEBUG	Registering manifest for C:\Program Files (x86)\Mozilla Firefox\browser\features\firefox@getpocket.com.xpi
1483626721739	addons.xpi	DEBUG	Calling bootstrap method startup on firefox@getpocket.com version 1.0.5
1483626721739	addons.xpi	DEBUG	Registering manifest for C:\Program Files (x86)\Mozilla Firefox\browser\features\webcompat@mozilla.org.xpi
1483626721740	addons.xpi	DEBUG	Calling bootstrap method startup on webcompat@mozilla.org version 1.0
1483626721743	addons.manager	DEBUG	Registering shutdown blocker for XPIProvider
1483626721743	addons.manager	DEBUG	Provider finished startup: XPIProvider
1483626721743	addons.manager	DEBUG	Starting provider: LightweightThemeManager
1483626721743	addons.manager	DEBUG	Registering shutdown blocker for LightweightThemeManager
1483626721743	addons.manager	DEBUG	Provider finished startup: LightweightThemeManager
1483626721744	addons.manager	DEBUG	Starting provider: GMPProvider
1483626721762	addons.manager	DEBUG	Registering shutdown blocker for GMPProvider
1483626721762	addons.manager	DEBUG	Provider finished startup: GMPProvider
1483626721762	addons.manager	DEBUG	Starting provider: PluginProvider
1483626721762	addons.manager	DEBUG	Registering shutdown blocker for PluginProvider
1483626721762	addons.manager	DEBUG	Provider finished startup: PluginProvider
1483626721763	addons.manager	DEBUG	Completed startup sequence
1483626729889	addons.manager	DEBUG	Starting provider: &amp;lt;unnamed-provider&amp;gt;
1483626729889	addons.manager	DEBUG	Registering shutdown blocker for &amp;lt;unnamed-provider&amp;gt;
1483626729890	addons.manager	DEBUG	Provider finished startup: &amp;lt;unnamed-provider&amp;gt;
1483626729893	DeferredSave.extensions.json	DEBUG	Starting write
1483626730046	addons.repository	DEBUG	No addons.json found.
1483626730046	DeferredSave.addons.json	DEBUG	Save changes
1483626730050	DeferredSave.addons.json	DEBUG	Starting timer
1483626730124	addons.manager	DEBUG	Starting provider: PreviousExperimentProvider
1483626730124	addons.manager	DEBUG	Registering shutdown blocker for PreviousExperimentProvider
1483626730124	addons.manager	DEBUG	Provider finished startup: PreviousExperimentProvider
1483626730127	DeferredSave.extensions.json	DEBUG	Write succeeded
1483626730129	DeferredSave.addons.json	DEBUG	Starting write
1483626730353	DeferredSave.addons.json	DEBUG	Write succeeded
[ODEBUG] [Explorer Probe] [disableSPDY]#In disableSPDY()[ODEBUG] [Explorer Probe] [disableSPDY]#Trying to get profile path from command line if exists[ODEBUG] [Explorer Probe] [disableSPDY]#Didn&amp;apos;t get any profile from command line, get all FireFox profiles from AppData
Command duration or timeout: 47.30 seconds
Build info: version: &amp;apos;2.53.0&amp;apos;, revision: &amp;apos;35ae25b&amp;apos;, time: &amp;apos;2016-03-15 16:57:40&amp;apos;
System info: host: &amp;apos;L-56Z6152&amp;apos;, ip: &amp;apos;10.20.66.90&amp;apos;, os.name: &amp;apos;Windows 7&amp;apos;, os.arch: &amp;apos;amd64&amp;apos;, os.version: &amp;apos;6.1&amp;apos;, java.version: &amp;apos;1.8.0_65&amp;apos;
Driver info: org.openqa.selenium.remote.RemoteWebDriver">
      <![CDATA[org.openqa.selenium.WebDriverException: Unable to connect to host 127.0.0.1 on port 7055 after 45000 ms. Firefox console output:
fee ScriptScan for Firefox","description":null,"creator":"McAfee, Inc.","homepageURL":null},"visible":true,"active":false,"userDisabled":true,"appDisabled":true,"descriptor":"C:\\Program Files (x86)\\Common Files\\McAfee\\SystemCore","installDate":1460352083726,"updateDate":1460352083726,"applyBackgroundUpdates":1,"bootstrap":false,"skinnable":false,"size":3262760,"sourceURI":null,"releaseNotesURI":null,"softDisabled":false,"foreignInstall":true,"hasBinaryComponents":false,"strictCompatibility":false,"locales":[],"targetApplications":[{"id":"{ec8030f7-c20a-464f-9b0e-13a3a9e97384}","minVersion":"1.5","maxVersion":"9.9"}],"targetPlatforms":[],"multiprocessCompatible":false,"signedState":0,"seen":true}
1483626721658	DeferredSave.extensions.json	DEBUG	Save changes
1483626721658	addons.xpi	DEBUG	Updating database with changes to installed add-ons
1483626721658	addons.xpi-utils	DEBUG	Updating add-on states
1483626721662	addons.xpi-utils	DEBUG	Writing add-ons list
1483626721733	addons.xpi	DEBUG	Registering manifest for C:\Program Files (x86)\Mozilla Firefox\browser\features\aushelper@mozilla.org.xpi
1483626721734	addons.xpi	DEBUG	Calling bootstrap method startup on aushelper@mozilla.org version 1.0
1483626721735	addons.xpi	DEBUG	Registering manifest for C:\Program Files (x86)\Mozilla Firefox\browser\features\e10srollout@mozilla.org.xpi
1483626721737	addons.xpi	DEBUG	Calling bootstrap method startup on e10srollout@mozilla.org version 1.5
1483626721737	addons.xpi	DEBUG	Registering manifest for C:\Program Files (x86)\Mozilla Firefox\browser\features\firefox@getpocket.com.xpi
1483626721739	addons.xpi	DEBUG	Calling bootstrap method startup on firefox@getpocket.com version 1.0.5
1483626721739	addons.xpi	DEBUG	Registering manifest for C:\Program Files (x86)\Mozilla Firefox\browser\features\webcompat@mozilla.org.xpi
1483626721740	addons.xpi	DEBUG	Calling bootstrap method startup on webcompat@mozilla.org version 1.0
1483626721743	addons.manager	DEBUG	Registering shutdown blocker for XPIProvider
1483626721743	addons.manager	DEBUG	Provider finished startup: XPIProvider
1483626721743	addons.manager	DEBUG	Starting provider: LightweightThemeManager
1483626721743	addons.manager	DEBUG	Registering shutdown blocker for LightweightThemeManager
1483626721743	addons.manager	DEBUG	Provider finished startup: LightweightThemeManager
1483626721744	addons.manager	DEBUG	Starting provider: GMPProvider
1483626721762	addons.manager	DEBUG	Registering shutdown blocker for GMPProvider
1483626721762	addons.manager	DEBUG	Provider finished startup: GMPProvider
1483626721762	addons.manager	DEBUG	Starting provider: PluginProvider
1483626721762	addons.manager	DEBUG	Registering shutdown blocker for PluginProvider
1483626721762	addons.manager	DEBUG	Provider finished startup: PluginProvider
1483626721763	addons.manager	DEBUG	Completed startup sequence
1483626729889	addons.manager	DEBUG	Starting provider: <unnamed-provider>
1483626729889	addons.manager	DEBUG	Registering shutdown blocker for <unnamed-provider>
1483626729890	addons.manager	DEBUG	Provider finished startup: <unnamed-provider>
1483626729893	DeferredSave.extensions.json	DEBUG	Starting write
1483626730046	addons.repository	DEBUG	No addons.json found.
1483626730046	DeferredSave.addons.json	DEBUG	Save changes
1483626730050	DeferredSave.addons.json	DEBUG	Starting timer
1483626730124	addons.manager	DEBUG	Starting provider: PreviousExperimentProvider
1483626730124	addons.manager	DEBUG	Registering shutdown blocker for PreviousExperimentProvider
1483626730124	addons.manager	DEBUG	Provider finished startup: PreviousExperimentProvider
1483626730127	DeferredSave.extensions.json	DEBUG	Write succeeded
1483626730129	DeferredSave.addons.json	DEBUG	Starting write
1483626730353	DeferredSave.addons.json	DEBUG	Write succeeded
[ODEBUG] [Explorer Probe] [disableSPDY]#In disableSPDY()[ODEBUG] [Explorer Probe] [disableSPDY]#Trying to get profile path from command line if exists[ODEBUG] [Explorer Probe] [disableSPDY]#Didn't get any profile from command line, get all FireFox profiles from AppData
Command duration or timeout: 47.30 seconds
Build info: version: '2.53.0', revision: '35ae25b', time: '2016-03-15 16:57:40'
System info: host: 'L-56Z6152', ip: '10.20.66.90', os.name: 'Windows 7', os.arch: 'amd64', os.version: '6.1', java.version: '1.8.0_65'
Driver info: org.openqa.selenium.remote.RemoteWebDriver
	at org.openqa.selenium.remote.ErrorHandler.createThrowable(ErrorHandler.java:206)
	at org.openqa.selenium.remote.ErrorHandler.throwIfResponseFailed(ErrorHandler.java:158)
	at org.openqa.selenium.remote.RemoteWebDriver.execute(RemoteWebDriver.java:678)
	at org.openqa.selenium.remote.RemoteWebDriver.startSession(RemoteWebDriver.java:249)
	at org.openqa.selenium.remote.RemoteWebDriver.<init>(RemoteWebDriver.java:131)
	at org.openqa.selenium.remote.RemoteWebDriver.<init>(RemoteWebDriver.java:158)
	at TestNG.TestNGClass.launchapp(TestNGClass.java:34)
	at java.util.concurrent.FutureTask.run(Unknown Source)
	at java.util.concurrent.ThreadPoolExecutor.runWorker(Unknown Source)
	at java.util.concurrent.ThreadPoolExecutor$Worker.run(Unknown Source)
	at java.lang.Thread.run(Unknown Source)
Caused by: org.openqa.selenium.remote.ErrorHandler$UnknownServerException: Unable to connect to host 127.0.0.1 on port 7055 after 45000 ms. Firefox console output:
fee ScriptScan for Firefox","description":null,"creator":"McAfee, Inc.","homepageURL":null},"visible":true,"active":false,"userDisabled":true,"appDisabled":true,"descriptor":"C:\\Program Files (x86)\\Common Files\\McAfee\\SystemCore","installDate":1460352083726,"updateDate":1460352083726,"applyBackgroundUpdates":1,"bootstrap":false,"skinnable":false,"size":3262760,"sourceURI":null,"releaseNotesURI":null,"softDisabled":false,"foreignInstall":true,"hasBinaryComponents":false,"strictCompatibility":false,"locales":[],"targetApplications":[{"id":"{ec8030f7-c20a-464f-9b0e-13a3a9e97384}","minVersion":"1.5","maxVersion":"9.9"}],"targetPlatforms":[],"multiprocessCompatible":false,"signedState":0,"seen":true}
1483626721658	DeferredSave.extensions.json	DEBUG	Save changes
1483626721658	addons.xpi	DEBUG	Updating database with changes to installed add-ons
1483626721658	addons.xpi-utils	DEBUG	Updating add-on states
1483626721662	addons.xpi-utils	DEBUG	Writing add-ons list
1483626721733	addons.xpi	DEBUG	Registering manifest for C:\Program Files (x86)\Mozilla Firefox\browser\features\aushelper@mozilla.org.xpi
1483626721734	addons.xpi	DEBUG	Calling bootstrap method startup on aushelper@mozilla.org version 1.0
1483626721735	addons.xpi	DEBUG	Registering manifest for C:\Program Files (x86)\Mozilla Firefox\browser\features\e10srollout@mozilla.org.xpi
1483626721737	addons.xpi	DEBUG	Calling bootstrap method startup on e10srollout@mozilla.org version 1.5
1483626721737	addons.xpi	DEBUG	Registering manifest for C:\Program Files (x86)\Mozilla Firefox\browser\features\firefox@getpocket.com.xpi
1483626721739	addons.xpi	DEBUG	Calling bootstrap method startup on firefox@getpocket.com version 1.0.5
1483626721739	addons.xpi	DEBUG	Registering manifest for C:\Program Files (x86)\Mozilla Firefox\browser\features\webcompat@mozilla.org.xpi
1483626721740	addons.xpi	DEBUG	Calling bootstrap method startup on webcompat@mozilla.org version 1.0
1483626721743	addons.manager	DEBUG	Registering shutdown blocker for XPIProvider
1483626721743	addons.manager	DEBUG	Provider finished startup: XPIProvider
1483626721743	addons.manager	DEBUG	Starting provider: LightweightThemeManager
1483626721743	addons.manager	DEBUG	Registering shutdown blocker for LightweightThemeManager
1483626721743	addons.manager	DEBUG	Provider finished startup: LightweightThemeManager
1483626721744	addons.manager	DEBUG	Starting provider: GMPProvider
1483626721762	addons.manager	DEBUG	Registering shutdown blocker for GMPProvider
1483626721762	addons.manager	DEBUG	Provider finished startup: GMPProvider
1483626721762	addons.manager	DEBUG	Starting provider: PluginProvider
1483626721762	addons.manager	DEBUG	Registering shutdown blocker for PluginProvider
1483626721762	addons.manager	DEBUG	Provider finished startup: PluginProvider
1483626721763	addons.manager	DEBUG	Completed startup sequence
1483626729889	addons.manager	DEBUG	Starting provider: <unnamed-provider>
1483626729889	addons.manager	DEBUG	Registering shutdown blocker for <unnamed-provider>
1483626729890	addons.manager	DEBUG	Provider finished startup: <unnamed-provider>
1483626729893	DeferredSave.extensions.json	DEBUG	Starting write
1483626730046	addons.repository	DEBUG	No addons.json found.
1483626730046	DeferredSave.addons.json	DEBUG	Save changes
1483626730050	DeferredSave.addons.json	DEBUG	Starting timer
1483626730124	addons.manager	DEBUG	Starting provider: PreviousExperimentProvider
1483626730124	addons.manager	DEBUG	Registering shutdown blocker for PreviousExperimentProvider
1483626730124	addons.manager	DEBUG	Provider finished startup: PreviousExperimentProvider
1483626730127	DeferredSave.extensions.json	DEBUG	Write succeeded
1483626730129	DeferredSave.addons.json	DEBUG	Starting write
1483626730353	DeferredSave.addons.json	DEBUG	Write succeeded
[ODEBUG] [Explorer Probe] [disableSPDY]#In disableSPDY()[ODEBUG] [Explorer Probe] [disableSPDY]#Trying to get profile path from command line if exists[ODEBUG] [Explorer Probe] [disableSPDY]#Didn't get any profile from command line, get all FireFox profiles from AppData
Build info: version: '2.53.0', revision: '35ae25b', time: '2016-03-15 16:57:40'
System info: host: 'L-56Z6152', ip: '10.20.66.90', os.name: 'Windows 7', os.arch: 'amd64', os.version: '6.1', java.version: '1.8.0_65'
Driver info: driver.version: FirefoxDriver
	at org.openqa.selenium.firefox.internal.NewProfileExtensionConnection.start(NewProfileExtensionConnection.java:122)
	at org.openqa.selenium.firefox.FirefoxDriver.startClient(FirefoxDriver.java:276)
	at org.openqa.selenium.remote.RemoteWebDriver.<init>(RemoteWebDriver.java:116)
	at org.openqa.selenium.firefox.FirefoxDriver.<init>(FirefoxDriver.java:223)
	at org.openqa.selenium.firefox.FirefoxDriver.<init>(FirefoxDriver.java:216)
	at org.openqa.selenium.firefox.FirefoxDriver.<init>(FirefoxDriver.java:134)
	at org.openqa.selenium.remote.server.DefaultDriverProvider.callConstructor(DefaultDriverProvider.java:103)
	at org.openqa.selenium.remote.server.DefaultDriverProvider.newInstance(DefaultDriverProvider.java:97)
	at org.openqa.selenium.remote.server.DefaultDriverFactory.newInstance(DefaultDriverFactory.java:60)
	at org.openqa.selenium.remote.server.DefaultSession$BrowserCreator.call(DefaultSession.java:222)
	at org.openqa.selenium.remote.server.DefaultSession$BrowserCreator.call(DefaultSession.java:1)
	at java.util.concurrent.FutureTask.run(Unknown Source)
	at org.openqa.selenium.remote.server.DefaultSession$1.run(DefaultSession.java:176)
	... 3 more
... Removed 22 stack frames]]>
    </failure>
  </testcase> <!-- @BeforeTest launchapp -->
  <testcase name="@AfterTest closeBrowser" time="0.0" classname="TestNG.TestNGClass">
    <skipped/>
  </testcase> <!-- @AfterTest closeBrowser -->
  <testcase name="calculatepercent" time="0.0" classname="TestNG.TestNGClass">
    <skipped/>
  </testcase> <!-- calculatepercent -->
</testsuite> <!-- FirefoxTest -->
