<?xml version="1.0" encoding="UTF-8"?>
<testng-results skipped="0" failed="1" total="1" passed="0">
  <reporter-output>
  </reporter-output>
  <suite name="Default suite" duration-ms="12524" started-at="2016-07-15T12:51:45Z" finished-at="2016-07-15T12:51:57Z">
    <groups>
    </groups>
    <test name="Default test" duration-ms="12524" started-at="2016-07-15T12:51:45Z" finished-at="2016-07-15T12:51:57Z">
      <class name="TestPackage.MyClass">
        <test-method status="PASS" signature="initiateAndroidAppSession()[pri:0, instance:TestPackage.MyClass@6a024a67]" name="initiateAndroidAppSession" is-config="true" duration-ms="12450" started-at="2016-07-15T18:21:45Z" finished-at="2016-07-15T18:21:57Z">
          <reporter-output>
          </reporter-output>
        </test-method> <!-- initiateAndroidAppSession -->
        <test-method status="FAIL" signature="testCal()[pri:0, instance:TestPackage.MyClass@6a024a67]" name="testCal" duration-ms="40" started-at="2016-07-15T18:21:57Z" finished-at="2016-07-15T18:21:57Z">
          <exception class="org.openqa.selenium.UnsupportedCommandException">
            <message>
              <![CDATA[Missing parameters: ["selector"]
Command duration or timeout: 10 milliseconds
Build info: version: '2.53.0', revision: '35ae25b', time: '2016-03-15 17:00:58'
System info: host: 'L-56Z6152', ip: '10.20.65.67', os.name: 'Windows 7', os.arch: 'amd64', os.version: '6.1', java.version: '1.8.0_65'
Driver info: org.openqa.selenium.remote.RemoteWebDriver
Capabilities [{appPackage=com.shopo, networkConnectionEnabled=true, warnings={}, databaseEnabled=false, deviceName=ZX1D63NKQ9, platform=LINUX, appActivity=com.shopo.ui.activites.ActivitySplashGuide, desired={appActivity=com.shopo.ui.activites.ActivitySplashGuide, appPackage=com.shopo, platformVersion=5.0.2, browserName=, platformName=Android, deviceName=Android}, platformVersion=6.0, webStorageEnabled=false, locationContextEnabled=false, browserName=, takesScreenshot=true, javascriptEnabled=true, platformName=Android}]
Session ID: 4f7be066-3d31-4dcb-9219-6b6d795d7cbb
*** Element info: {Using=id, value=}]]>
            </message>
            <full-stacktrace>
              <![CDATA[org.openqa.selenium.UnsupportedCommandException: Missing parameters: ["selector"]
Command duration or timeout: 10 milliseconds
Build info: version: '2.53.0', revision: '35ae25b', time: '2016-03-15 17:00:58'
System info: host: 'L-56Z6152', ip: '10.20.65.67', os.name: 'Windows 7', os.arch: 'amd64', os.version: '6.1', java.version: '1.8.0_65'
Driver info: org.openqa.selenium.remote.RemoteWebDriver
Capabilities [{appPackage=com.shopo, networkConnectionEnabled=true, warnings={}, databaseEnabled=false, deviceName=ZX1D63NKQ9, platform=LINUX, appActivity=com.shopo.ui.activites.ActivitySplashGuide, desired={appActivity=com.shopo.ui.activites.ActivitySplashGuide, appPackage=com.shopo, platformVersion=5.0.2, browserName=, platformName=Android, deviceName=Android}, platformVersion=6.0, webStorageEnabled=false, locationContextEnabled=false, browserName=, takesScreenshot=true, javascriptEnabled=true, platformName=Android}]
Session ID: 4f7be066-3d31-4dcb-9219-6b6d795d7cbb
*** Element info: {Using=id, value=}
	at sun.reflect.NativeConstructorAccessorImpl.newInstance0(Native Method)
	at sun.reflect.NativeConstructorAccessorImpl.newInstance(Unknown Source)
	at sun.reflect.DelegatingConstructorAccessorImpl.newInstance(Unknown Source)
	at java.lang.reflect.Constructor.newInstance(Unknown Source)
	at org.openqa.selenium.remote.ErrorHandler.createThrowable(ErrorHandler.java:206)
	at org.openqa.selenium.remote.ErrorHandler.throwIfResponseFailed(ErrorHandler.java:158)
	at org.openqa.selenium.remote.RemoteWebDriver.execute(RemoteWebDriver.java:678)
	at org.openqa.selenium.remote.RemoteWebDriver.findElement(RemoteWebDriver.java:363)
	at org.openqa.selenium.remote.RemoteWebDriver.findElementById(RemoteWebDriver.java:413)
	at org.openqa.selenium.By$ById.findElement(By.java:218)
	at org.openqa.selenium.remote.RemoteWebDriver.findElement(RemoteWebDriver.java:355)
	at AppLocators.LoginPage.nameEditBox(LoginPage.java:22)
	at TestPackage.MyClass.testCal(MyClass.java:47)
	at sun.reflect.NativeMethodAccessorImpl.invoke0(Native Method)
	at sun.reflect.NativeMethodAccessorImpl.invoke(Unknown Source)
	at sun.reflect.DelegatingMethodAccessorImpl.invoke(Unknown Source)
	at java.lang.reflect.Method.invoke(Unknown Source)
	at org.testng.internal.MethodInvocationHelper.invokeMethod(MethodInvocationHelper.java:85)
	at org.testng.internal.Invoker.invokeMethod(Invoker.java:639)
	at org.testng.internal.Invoker.invokeTestMethod(Invoker.java:816)
	at org.testng.internal.Invoker.invokeTestMethods(Invoker.java:1124)
	at org.testng.internal.TestMethodWorker.invokeTestMethods(TestMethodWorker.java:125)
	at org.testng.internal.TestMethodWorker.run(TestMethodWorker.java:108)
	at org.testng.TestRunner.privateRun(TestRunner.java:774)
	at org.testng.TestRunner.run(TestRunner.java:624)
	at org.testng.SuiteRunner.runTest(SuiteRunner.java:359)
	at org.testng.SuiteRunner.runSequentially(SuiteRunner.java:354)
	at org.testng.SuiteRunner.privateRun(SuiteRunner.java:312)
	at org.testng.SuiteRunner.run(SuiteRunner.java:261)
	at org.testng.SuiteRunnerWorker.runSuite(SuiteRunnerWorker.java:52)
	at org.testng.SuiteRunnerWorker.run(SuiteRunnerWorker.java:86)
	at org.testng.TestNG.runSuitesSequentially(TestNG.java:1215)
	at org.testng.TestNG.runSuitesLocally(TestNG.java:1140)
	at org.testng.TestNG.run(TestNG.java:1048)
	at org.testng.remote.AbstractRemoteTestNG.run(AbstractRemoteTestNG.java:126)
	at org.testng.remote.RemoteTestNG.initAndRun(RemoteTestNG.java:137)
	at org.testng.remote.RemoteTestNG.main(RemoteTestNG.java:58)
]]>
            </full-stacktrace>
          </exception> <!-- org.openqa.selenium.UnsupportedCommandException -->
          <reporter-output>
          </reporter-output>
        </test-method> <!-- testCal -->
        <test-method status="PASS" signature="tearDown()[pri:0, instance:TestPackage.MyClass@6a024a67]" name="tearDown" is-config="true" duration-ms="0" started-at="2016-07-15T18:21:57Z" finished-at="2016-07-15T18:21:57Z">
          <reporter-output>
          </reporter-output>
        </test-method> <!-- tearDown -->
      </class> <!-- TestPackage.MyClass -->
    </test> <!-- Default test -->
  </suite> <!-- Default suite -->
</testng-results>
